#
# A fatal error has been detected by the Java Runtime Environment:
#
#  SIGSEGV (0xb) at pc=0x00000001165abadb, pid=11059, tid=77571
#
# JRE version: Java(TM) SE Runtime Environment (11.0.2+9) (build 11.0.2+9-LTS)
# Java VM: Java HotSpot(TM) 64-Bit Server VM (11.0.2+9-LTS, mixed mode, tiered, compressed oops, g1 gc, bsd-amd64)
# Problematic frame:
# C  [libawt_lwawt.dylib+0x1badb]  OGLSD_SetScratchSurface+0x1f
#
# No core dump will be written. Core dumps have been disabled. To enable core dumping, try "ulimit -c unlimited" before starting Java again
#
# If you would like to submit a bug report, please visit:
#   http://bugreport.java.com/bugreport/crash.jsp
# The crash happened outside the Java Virtual Machine in native code.
# See problematic frame for where to report the bug.
#

---------------  S U M M A R Y ------------

Command Line: GranularWaves

Host: MacBookPro12,1 x86_64 2700 MHz, 4 cores, 8G, Darwin 17.7.0
Time: Wed May 29 12:30:17 2019 CDT elapsed time: 15 seconds (0d 0h 0m 15s)

---------------  T H R E A D  ---------------

Current thread (0x00007fbc9bb0e000):  JavaThread "Java2D Queue Flusher" daemon [_thread_in_native, id=77571, stack(0x0000700006494000,0x0000700006594000)]

Stack: [0x0000700006494000,0x0000700006594000],  sp=0x0000700006593840,  free space=1022k
Native frames: (J=compiled Java code, A=aot compiled Java code, j=interpreted, Vv=VM code, C=native code)
C  [libawt_lwawt.dylib+0x1badb]  OGLSD_SetScratchSurface+0x1f
C  [libawt_lwawt.dylib+0x3ffae]  Java_sun_java2d_opengl_OGLRenderQueue_flushBuffer+0x94a
J 826  sun.java2d.opengl.OGLRenderQueue.flushBuffer(JI)V java.desktop@11.0.2 (0 bytes) @ 0x000000011e3925fd [0x000000011e392540+0x00000000000000bd]
J 1328 c1 sun.java2d.opengl.OGLRenderQueue.flushBuffer()V java.desktop@11.0.2 (41 bytes) @ 0x00000001170414e4 [0x0000000117041460+0x0000000000000084]
j  sun.java2d.opengl.OGLRenderQueue$QueueFlusher.run()V+81 java.desktop@11.0.2
j  java.lang.Thread.run()V+11 java.base@11.0.2
v  ~StubRoutines::call_stub
V  [libjvm.dylib+0x39c3ee]  JavaCalls::call_helper(JavaValue*, methodHandle const&, JavaCallArguments*, Thread*)+0x21a
V  [libjvm.dylib+0x39b838]  JavaCalls::call_virtual(JavaValue*, Klass*, Symbol*, Symbol*, JavaCallArguments*, Thread*)+0xee
V  [libjvm.dylib+0x39b8f4]  JavaCalls::call_virtual(JavaValue*, Handle, Klass*, Symbol*, Symbol*, Thread*)+0x62
V  [libjvm.dylib+0x41f4d0]  thread_entry(JavaThread*, Thread*)+0x78
V  [libjvm.dylib+0x6ede46]  JavaThread::thread_main_inner()+0x82
V  [libjvm.dylib+0x6edc91]  JavaThread::run()+0x1ab
V  [libjvm.dylib+0x5f0da3]  thread_native_entry(Thread*)+0x135
C  [libsystem_pthread.dylib+0x3661]  _pthread_body+0x154
C  [libsystem_pthread.dylib+0x350d]  _pthread_body+0x0
C  [libsystem_pthread.dylib+0x2bf9]  thread_start+0xd

Java frames: (J=compiled Java code, j=interpreted, Vv=VM code)
J 826  sun.java2d.opengl.OGLRenderQueue.flushBuffer(JI)V java.desktop@11.0.2 (0 bytes) @ 0x000000011e392588 [0x000000011e392540+0x0000000000000048]
J 1328 c1 sun.java2d.opengl.OGLRenderQueue.flushBuffer()V java.desktop@11.0.2 (41 bytes) @ 0x00000001170414e4 [0x0000000117041460+0x0000000000000084]
j  sun.java2d.opengl.OGLRenderQueue$QueueFlusher.run()V+81 java.desktop@11.0.2
j  java.lang.Thread.run()V+11 java.base@11.0.2
v  ~StubRoutines::call_stub

siginfo: si_signo: 11 (SIGSEGV), si_code: 1 (SEGV_MAPERR), si_addr: 0x0000000000000002

Register to memory mapping:

RAX=0x0 is NULL
RBX=0x00007fbc9a7ddb70 points into unknown readable memory: 00 00 00 00 00 00 00 f0
RCX=0x0000000000000047 is an unknown value
RDX=0x00000001165cff8b: Java_sun_java2d_opengl_OGLRenderQueue_flushBuffer+0x927 in /Library/Java/JavaVirtualMachines/jdk-11.0.2.jdk/Contents/Home/lib/libawt_lwawt.dylib at 0x0000000116590000
RSP=0x0000700006593840 is pointing into the stack for thread: 0x00007fbc9bb0e000
RBP=0x0000700006593870 is pointing into the stack for thread: 0x00007fbc9bb0e000
RSI=0x00007fbc9a7ddb70 points into unknown readable memory: 00 00 00 00 00 00 00 f0
RDI=0x00007fbc9bb0e340 points into unknown readable memory: f0 42 d0 07 01 00 00 00
R8 =0x0000000000007833 is an unknown value
R9 =0x00007fbc9a4b1280 points into unknown readable memory: 00 0a 00 00 01 09 00 00
R10=0x000000011e392588 is at entry_point+72 in (nmethod*)0x000000011e392390
R11=0x0000000117041480 is at entry_point+32 in (nmethod*)0x0000000117041290
R12=0x00007fbc9bb0f410 points into unknown readable memory: 5a 00 00 00 49 00 00 00
R13=0x0000000000000002 is an unknown value
R14=0x00000001165d021c: Java_sun_java2d_opengl_OGLRenderQueue_flushBuffer+0xbb8 in /Library/Java/JavaVirtualMachines/jdk-11.0.2.jdk/Contents/Home/lib/libawt_lwawt.dylib at 0x0000000116590000
R15=0x00007fbc9bb0e340 points into unknown readable memory: f0 42 d0 07 01 00 00 00


Registers:
RAX=0x0000000000000000, RBX=0x00007fbc9a7ddb70, RCX=0x0000000000000047, RDX=0x00000001165cff8b
RSP=0x0000700006593840, RBP=0x0000700006593870, RSI=0x00007fbc9a7ddb70, RDI=0x00007fbc9bb0e340
R8 =0x0000000000007833, R9 =0x00007fbc9a4b1280, R10=0x000000011e392588, R11=0x0000000117041480
R12=0x00007fbc9bb0f410, R13=0x0000000000000002, R14=0x00000001165d021c, R15=0x00007fbc9bb0e340
RIP=0x00000001165abadb, EFLAGS=0x0000000000010202, ERR=0x0000000000000004
  TRAPNO=0x000000000000000e

Top of Stack: (sp=0x0000700006593840)
0x0000700006593840:   0000000000000000 00007fbc9a7ddb70
0x0000700006593850:   00007fbc9bb0f410 00007fbc9bb0f420
0x0000700006593860:   00000001165d021c 00007fbc9bb0e340
0x0000700006593870:   00007000065938d0 00000001165cffae
0x0000700006593880:   0000000107d59b01 00007fbc9bb0e000
0x0000700006593890:   00007000065938b0 0000000007b08ebe
0x00007000065938a0:   0000000107d59b01 00000001161c5808
0x00007000065938b0:   0000000000000000 00007000065939b0
0x00007000065938c0:   0000000000000000 00007fbc9bb0e000
0x00007000065938d0:   0000700006593920 000000011e3925fd
0x00007000065938e0:   0000000783333d60 00007fbc9bb0e000
0x00007000065938f0:   0000700006593901 00007fbc9a44e4b0
0x0000700006593900:   0000700006593b00 00007fbc9bb0e000
0x0000700006593910:   0000000115adbcc8 0000000000000000
0x0000700006593920:   0000700006593a10 00000001170414e4
0x0000700006593930:   0000700006593980 000000011e384afb
0x0000700006593940:   0000000783332ec8 000000011e384ef9
0x0000700006593950:   0000000783332ec8 00000001161c57db
0x0000700006593960:   00007000065939b0 00000001161c6948
0x0000700006593970:   000000012e4fe9e0 00000007836ec400
0x0000700006593980:   0000000783333d60 0000000116878ca7
0x0000700006593990:   0000700006593a10 0000000116878ca7
0x00007000065939a0:   0000000000000064 0000000116878ca7
0x00007000065939b0:   0000000783333d60 0000000000000001
0x00007000065939c0:   0000000783332ec8 00007000065939b8
0x00007000065939d0:   00000001161c9cb1 0000700006593a38
0x00007000065939e0:   00000001161c9eb0 0000000000000000
0x00007000065939f0:   0000000783332ee8 00000001161c9df0
0x0000700006593a00:   00007000065939b0 0000700006593a38
0x0000700006593a10:   0000700006593a88 0000000116878cec
0x0000700006593a20:   0000000000000000 0000000000000000
0x0000700006593a30:   0000000000000000 0000000783332ec8 

Instructions: (pc=0x00000001165abadb)
0x00000001165ababb:   c3 55 48 89 e5 41 57 41 56 41 55 41 54 53 50 49
0x00000001165abacb:   89 ff 48 85 f6 74 57 4c 8b 6e 10 4d 85 ed 74 57
0x00000001165abadb:   49 8b 5d 00 31 c0 e8 2e da 02 00 49 89 c6 48 8b
0x00000001165abaeb:   3b 48 8b 35 bd 54 05 00 ff 15 2f 8a 04 00 48 85 

Stack slot to memory mapping:
stack at sp + 0 slots: 0x0 is NULL
stack at sp + 1 slots: 0x00007fbc9a7ddb70 points into unknown readable memory: 00 00 00 00 00 00 00 f0
stack at sp + 2 slots: 0x00007fbc9bb0f410 points into unknown readable memory: 5a 00 00 00 49 00 00 00
stack at sp + 3 slots: 0x00007fbc9bb0f420 points into unknown readable memory: 08 02 00 00 08 02 00 00
stack at sp + 4 slots: 0x00000001165d021c: Java_sun_java2d_opengl_OGLRenderQueue_flushBuffer+0xbb8 in /Library/Java/JavaVirtualMachines/jdk-11.0.2.jdk/Contents/Home/lib/libawt_lwawt.dylib at 0x0000000116590000
stack at sp + 5 slots: 0x00007fbc9bb0e340 points into unknown readable memory: f0 42 d0 07 01 00 00 00
stack at sp + 6 slots: 0x00007000065938d0 is pointing into the stack for thread: 0x00007fbc9bb0e000
stack at sp + 7 slots: 0x00000001165cffae: Java_sun_java2d_opengl_OGLRenderQueue_flushBuffer+0x94a in /Library/Java/JavaVirtualMachines/jdk-11.0.2.jdk/Contents/Home/lib/libawt_lwawt.dylib at 0x0000000116590000


---------------  P R O C E S S  ---------------

Threads class SMR info:
_java_thread_list=0x00007fbc9a4af260, length=16, elements={
0x00007fbc9b001800, 0x00007fbc9c06b000, 0x00007fbc9c07d000, 0x00007fbc9b81e800,
0x00007fbc9b836000, 0x00007fbc9b837000, 0x00007fbc9b838000, 0x00007fbc9b84e800,
0x00007fbc9b838800, 0x00007fbc9b03a800, 0x00007fbc9bb04800, 0x00007fbc9bb0e000,
0x00007fbc9bb32800, 0x00007fbc9a986800, 0x00007fbc9b056000, 0x00007fbc9c2b0800
}

Java Threads: ( => current thread )
  0x00007fbc9b001800 JavaThread "main" [_thread_in_Java, id=9475, stack(0x0000000106a77000,0x0000000106b77000)]
  0x00007fbc9c06b000 JavaThread "Reference Handler" daemon [_thread_blocked, id=19459, stack(0x0000700005970000,0x0000700005a70000)]
  0x00007fbc9c07d000 JavaThread "Finalizer" daemon [_thread_blocked, id=19203, stack(0x0000700005a73000,0x0000700005b73000)]
  0x00007fbc9b81e800 JavaThread "Signal Dispatcher" daemon [_thread_blocked, id=15111, stack(0x0000700005b76000,0x0000700005c76000)]
  0x00007fbc9b836000 JavaThread "C2 CompilerThread0" daemon [_thread_in_native, id=16899, stack(0x0000700005c79000,0x0000700005d79000)]
  0x00007fbc9b837000 JavaThread "C1 CompilerThread0" daemon [_thread_blocked, id=21763, stack(0x0000700005d7c000,0x0000700005e7c000)]
  0x00007fbc9b838000 JavaThread "Sweeper thread" daemon [_thread_blocked, id=22275, stack(0x0000700005e7f000,0x0000700005f7f000)]
  0x00007fbc9b84e800 JavaThread "Service Thread" daemon [_thread_blocked, id=42755, stack(0x0000700005f82000,0x0000700006082000)]
  0x00007fbc9b838800 JavaThread "Common-Cleaner" daemon [_thread_blocked, id=41731, stack(0x0000700006188000,0x0000700006288000)]
  0x00007fbc9b03a800 JavaThread "AppKit Thread" daemon [_thread_in_native, id=775, stack(0x00007ffee89c0000,0x00007ffee91c0000)]
  0x00007fbc9bb04800 JavaThread "AWT-Shutdown" [_thread_blocked, id=34819, stack(0x000070000628b000,0x000070000638b000)]
=>0x00007fbc9bb0e000 JavaThread "Java2D Queue Flusher" daemon [_thread_in_native, id=77571, stack(0x0000700006494000,0x0000700006594000)]
  0x00007fbc9bb32800 JavaThread "Java2D Disposer" daemon [_thread_blocked, id=74755, stack(0x0000700006597000,0x0000700006697000)]
  0x00007fbc9a986800 JavaThread "AWT-EventQueue-0" [_thread_blocked, id=72715, stack(0x000070000671d000,0x000070000681d000)]
  0x00007fbc9b056000 JavaThread "TimerQueue" daemon [_thread_blocked, id=57603, stack(0x0000700006820000,0x0000700006920000)]
  0x00007fbc9c2b0800 JavaThread "C2 CompilerThread1" daemon [_thread_in_native, id=3611, stack(0x0000700006fc1000,0x00007000070c1000)]

Other Threads:
  0x00007fbc9c06a000 VMThread "VM Thread" [stack: 0x000070000586d000,0x000070000596d000] [id=19971]
  0x00007fbc9b010800 WatcherThread [stack: 0x0000700006085000,0x0000700006185000] [id=22787]
  0x00007fbc9c009000 GCTaskThread "GC Thread#0" [stack: 0x000070000535e000,0x000070000545e000] [id=12291]
  0x00007fbc9bc62800 GCTaskThread "GC Thread#1" [stack: 0x0000700006923000,0x0000700006a23000] [id=57391]
  0x00007fbc9bc6a000 GCTaskThread "GC Thread#2" [stack: 0x0000700006a26000,0x0000700006b26000] [id=70155]
  0x00007fbc9c31d800 GCTaskThread "GC Thread#3" [stack: 0x0000700006b29000,0x0000700006c29000] [id=69891]
  0x00007fbc9c03a000 ConcurrentGCThread "G1 Main Marker" [stack: 0x0000700005461000,0x0000700005561000] [id=21251]
  0x00007fbc9c03b000 ConcurrentGCThread "G1 Conc#0" [stack: 0x0000700005564000,0x0000700005664000] [id=20739]
  0x00007fbc9a857800 ConcurrentGCThread "G1 Refine#0" [stack: 0x0000700005667000,0x0000700005767000] [id=20483]
  0x00007fbc9b810000 ConcurrentGCThread "G1 Young RemSet Sampling" [stack: 0x000070000576a000,0x000070000586a000] [id=20227]

Threads with active compile tasks:
C2 CompilerThread01322   !   4       sun.java2d.pipe.BufferedRenderPipe::fill (210 bytes)
C2 CompilerThread11319       4       sun.java2d.loops.ProcessPath::doProcessPath (1094 bytes)

VM state:not at safepoint (normal execution)

VM Mutex/Monitor currently owned by a thread: None

Heap address: 0x0000000780000000, size: 2048 MB, Compressed Oops mode: Zero based, Oop shift amount: 3
Narrow klass base: 0x0000000800000000, Narrow klass shift: 0
Compressed class space size: 1073741824 Address: 0x0000000800000000

Heap:
 garbage-first heap   total 131072K, used 6253K [0x0000000780000000, 0x0000000800000000)
  region size 1024K, 4 young (4096K), 3 survivors (3072K)
 Metaspace       used 12839K, capacity 13263K, committed 13312K, reserved 1060864K
  class space    used 1321K, capacity 1517K, committed 1536K, reserved 1048576K
Heap Regions: E=young(eden), S=young(survivor), O=old, HS=humongous(starts), HC=humongous(continues), CS=collection set, F=free, A=archive, TAMS=top-at-mark-start (previous, next)
|   0|0x0000000780000000, 0x0000000780002200, 0x0000000780100000|  0%| O|  |TAMS 0x0000000780000000, 0x0000000780000000| Untracked 
|   1|0x0000000780100000, 0x0000000780200000, 0x0000000780200000|100%|HS|  |TAMS 0x0000000780100000, 0x0000000780100000| Complete 
|   2|0x0000000780200000, 0x0000000780300000, 0x0000000780300000|100%|HC|  |TAMS 0x0000000780200000, 0x0000000780200000| Complete 
|   3|0x0000000780300000, 0x0000000780400000, 0x0000000780400000|100%|HS|  |TAMS 0x0000000780300000, 0x0000000780300000| Complete 
|   4|0x0000000780400000, 0x0000000780500000, 0x0000000780500000|100%|HC|  |TAMS 0x0000000780400000, 0x0000000780400000| Complete 
|   5|0x0000000780500000, 0x0000000780500000, 0x0000000780600000|  0%| F|  |TAMS 0x0000000780500000, 0x0000000780500000| Untracked 
|   6|0x0000000780600000, 0x0000000780600000, 0x0000000780700000|  0%| F|  |TAMS 0x0000000780600000, 0x0000000780600000| Untracked 
|   7|0x0000000780700000, 0x0000000780700000, 0x0000000780800000|  0%| F|  |TAMS 0x0000000780700000, 0x0000000780700000| Untracked 
|   8|0x0000000780800000, 0x0000000780800000, 0x0000000780900000|  0%| F|  |TAMS 0x0000000780800000, 0x0000000780800000| Untracked 
|   9|0x0000000780900000, 0x0000000780900000, 0x0000000780a00000|  0%| F|  |TAMS 0x0000000780900000, 0x0000000780900000| Untracked 
|  10|0x0000000780a00000, 0x0000000780a00000, 0x0000000780b00000|  0%| F|  |TAMS 0x0000000780a00000, 0x0000000780a00000| Untracked 
|  11|0x0000000780b00000, 0x0000000780b00000, 0x0000000780c00000|  0%| F|  |TAMS 0x0000000780b00000, 0x0000000780b00000| Untracked 
|  12|0x0000000780c00000, 0x0000000780c00000, 0x0000000780d00000|  0%| F|  |TAMS 0x0000000780c00000, 0x0000000780c00000| Untracked 
|  13|0x0000000780d00000, 0x0000000780d00000, 0x0000000780e00000|  0%| F|  |TAMS 0x0000000780d00000, 0x0000000780d00000| Untracked 
|  14|0x0000000780e00000, 0x0000000780e00000, 0x0000000780f00000|  0%| F|  |TAMS 0x0000000780e00000, 0x0000000780e00000| Untracked 
|  15|0x0000000780f00000, 0x0000000780f00000, 0x0000000781000000|  0%| F|  |TAMS 0x0000000780f00000, 0x0000000780f00000| Untracked 
|  16|0x0000000781000000, 0x0000000781000000, 0x0000000781100000|  0%| F|  |TAMS 0x0000000781000000, 0x0000000781000000| Untracked 
|  17|0x0000000781100000, 0x0000000781100000, 0x0000000781200000|  0%| F|  |TAMS 0x0000000781100000, 0x0000000781100000| Untracked 
|  18|0x0000000781200000, 0x0000000781200000, 0x0000000781300000|  0%| F|  |TAMS 0x0000000781200000, 0x0000000781200000| Untracked 
|  19|0x0000000781300000, 0x0000000781300000, 0x0000000781400000|  0%| F|  |TAMS 0x0000000781300000, 0x0000000781300000| Untracked 
|  20|0x0000000781400000, 0x0000000781400000, 0x0000000781500000|  0%| F|  |TAMS 0x0000000781400000, 0x0000000781400000| Untracked 
|  21|0x0000000781500000, 0x0000000781500000, 0x0000000781600000|  0%| F|  |TAMS 0x0000000781500000, 0x0000000781500000| Untracked 
|  22|0x0000000781600000, 0x0000000781600000, 0x0000000781700000|  0%| F|  |TAMS 0x0000000781600000, 0x0000000781600000| Untracked 
|  23|0x0000000781700000, 0x0000000781700000, 0x0000000781800000|  0%| F|  |TAMS 0x0000000781700000, 0x0000000781700000| Untracked 
|  24|0x0000000781800000, 0x0000000781800000, 0x0000000781900000|  0%| F|  |TAMS 0x0000000781800000, 0x0000000781800000| Untracked 
|  25|0x0000000781900000, 0x0000000781900000, 0x0000000781a00000|  0%| F|  |TAMS 0x0000000781900000, 0x0000000781900000| Untracked 
|  26|0x0000000781a00000, 0x0000000781a00000, 0x0000000781b00000|  0%| F|  |TAMS 0x0000000781a00000, 0x0000000781a00000| Untracked 
|  27|0x0000000781b00000, 0x0000000781b00000, 0x0000000781c00000|  0%| F|  |TAMS 0x0000000781b00000, 0x0000000781b00000| Untracked 
|  28|0x0000000781c00000, 0x0000000781c00000, 0x0000000781d00000|  0%| F|  |TAMS 0x0000000781c00000, 0x0000000781c00000| Untracked 
|  29|0x0000000781d00000, 0x0000000781d00000, 0x0000000781e00000|  0%| F|  |TAMS 0x0000000781d00000, 0x0000000781d00000| Untracked 
|  30|0x0000000781e00000, 0x0000000781e00000, 0x0000000781f00000|  0%| F|  |TAMS 0x0000000781e00000, 0x0000000781e00000| Untracked 
|  31|0x0000000781f00000, 0x0000000781f00000, 0x0000000782000000|  0%| F|  |TAMS 0x0000000781f00000, 0x0000000781f00000| Untracked 
|  32|0x0000000782000000, 0x0000000782000000, 0x0000000782100000|  0%| F|  |TAMS 0x0000000782000000, 0x0000000782000000| Untracked 
|  33|0x0000000782100000, 0x0000000782100000, 0x0000000782200000|  0%| F|  |TAMS 0x0000000782100000, 0x0000000782100000| Untracked 
|  34|0x0000000782200000, 0x0000000782200000, 0x0000000782300000|  0%| F|  |TAMS 0x0000000782200000, 0x0000000782200000| Untracked 
|  35|0x0000000782300000, 0x0000000782300000, 0x0000000782400000|  0%| F|  |TAMS 0x0000000782300000, 0x0000000782300000| Untracked 
|  36|0x0000000782400000, 0x0000000782400000, 0x0000000782500000|  0%| F|  |TAMS 0x0000000782400000, 0x0000000782400000| Untracked 
|  37|0x0000000782500000, 0x0000000782500000, 0x0000000782600000|  0%| F|  |TAMS 0x0000000782500000, 0x0000000782500000| Untracked 
|  38|0x0000000782600000, 0x0000000782600000, 0x0000000782700000|  0%| F|  |TAMS 0x0000000782600000, 0x0000000782600000| Untracked 
|  39|0x0000000782700000, 0x0000000782700000, 0x0000000782800000|  0%| F|  |TAMS 0x0000000782700000, 0x0000000782700000| Untracked 
|  40|0x0000000782800000, 0x0000000782800000, 0x0000000782900000|  0%| F|  |TAMS 0x0000000782800000, 0x0000000782800000| Untracked 
|  41|0x0000000782900000, 0x0000000782900000, 0x0000000782a00000|  0%| F|  |TAMS 0x0000000782900000, 0x0000000782900000| Untracked 
|  42|0x0000000782a00000, 0x0000000782a00000, 0x0000000782b00000|  0%| F|  |TAMS 0x0000000782a00000, 0x0000000782a00000| Untracked 
|  43|0x0000000782b00000, 0x0000000782b00000, 0x0000000782c00000|  0%| F|  |TAMS 0x0000000782b00000, 0x0000000782b00000| Untracked 
|  44|0x0000000782c00000, 0x0000000782c00000, 0x0000000782d00000|  0%| F|  |TAMS 0x0000000782c00000, 0x0000000782c00000| Untracked 
|  45|0x0000000782d00000, 0x0000000782d00000, 0x0000000782e00000|  0%| F|  |TAMS 0x0000000782d00000, 0x0000000782d00000| Untracked 
|  46|0x0000000782e00000, 0x0000000782e00000, 0x0000000782f00000|  0%| F|  |TAMS 0x0000000782e00000, 0x0000000782e00000| Untracked 
|  47|0x0000000782f00000, 0x0000000782f00000, 0x0000000783000000|  0%| F|  |TAMS 0x0000000782f00000, 0x0000000782f00000| Untracked 
|  48|0x0000000783000000, 0x0000000783000000, 0x0000000783100000|  0%| F|  |TAMS 0x0000000783000000, 0x0000000783000000| Untracked 
|  49|0x0000000783100000, 0x0000000783119348, 0x0000000783200000|  9%| S|CS|TAMS 0x0000000783100000, 0x0000000783100000| Complete 
|  50|0x0000000783200000, 0x0000000783300000, 0x0000000783300000|100%| S|CS|TAMS 0x0000000783200000, 0x0000000783200000| Complete 
|  51|0x0000000783300000, 0x0000000783400000, 0x0000000783400000|100%| S|CS|TAMS 0x0000000783300000, 0x0000000783300000| Complete 
|  52|0x0000000783400000, 0x0000000783400000, 0x0000000783500000|  0%| F|  |TAMS 0x0000000783400000, 0x0000000783400000| Untracked 
|  53|0x0000000783500000, 0x0000000783500000, 0x0000000783600000|  0%| F|  |TAMS 0x0000000783500000, 0x0000000783500000| Untracked 
|  54|0x0000000783600000, 0x0000000783600000, 0x0000000783700000|  0%| F|  |TAMS 0x0000000783600000, 0x0000000783600000| Untracked 
|  55|0x0000000783700000, 0x0000000783700000, 0x0000000783800000|  0%| F|  |TAMS 0x0000000783700000, 0x0000000783700000| Untracked 
|  56|0x0000000783800000, 0x0000000783800000, 0x0000000783900000|  0%| F|  |TAMS 0x0000000783800000, 0x0000000783800000| Untracked 
|  57|0x0000000783900000, 0x0000000783900000, 0x0000000783a00000|  0%| F|  |TAMS 0x0000000783900000, 0x0000000783900000| Untracked 
|  58|0x0000000783a00000, 0x0000000783a00000, 0x0000000783b00000|  0%| F|  |TAMS 0x0000000783a00000, 0x0000000783a00000| Untracked 
|  59|0x0000000783b00000, 0x0000000783b00000, 0x0000000783c00000|  0%| F|  |TAMS 0x0000000783b00000, 0x0000000783b00000| Untracked 
|  60|0x0000000783c00000, 0x0000000783c00000, 0x0000000783d00000|  0%| F|  |TAMS 0x0000000783c00000, 0x0000000783c00000| Untracked 
|  61|0x0000000783d00000, 0x0000000783d00000, 0x0000000783e00000|  0%| F|  |TAMS 0x0000000783d00000, 0x0000000783d00000| Untracked 
|  62|0x0000000783e00000, 0x0000000783e00000, 0x0000000783f00000|  0%| F|  |TAMS 0x0000000783e00000, 0x0000000783e00000| Untracked 
|  63|0x0000000783f00000, 0x0000000783f00000, 0x0000000784000000|  0%| F|  |TAMS 0x0000000783f00000, 0x0000000783f00000| Untracked 
|  64|0x0000000784000000, 0x0000000784000000, 0x0000000784100000|  0%| F|  |TAMS 0x0000000784000000, 0x0000000784000000| Untracked 
|  65|0x0000000784100000, 0x0000000784100000, 0x0000000784200000|  0%| F|  |TAMS 0x0000000784100000, 0x0000000784100000| Untracked 
|  66|0x0000000784200000, 0x0000000784200000, 0x0000000784300000|  0%| F|  |TAMS 0x0000000784200000, 0x0000000784200000| Untracked 
|  67|0x0000000784300000, 0x0000000784300000, 0x0000000784400000|  0%| F|  |TAMS 0x0000000784300000, 0x0000000784300000| Untracked 
|  68|0x0000000784400000, 0x0000000784400000, 0x0000000784500000|  0%| F|  |TAMS 0x0000000784400000, 0x0000000784400000| Untracked 
|  69|0x0000000784500000, 0x0000000784500000, 0x0000000784600000|  0%| F|  |TAMS 0x0000000784500000, 0x0000000784500000| Untracked 
|  70|0x0000000784600000, 0x0000000784600000, 0x0000000784700000|  0%| F|  |TAMS 0x0000000784600000, 0x0000000784600000| Untracked 
|  71|0x0000000784700000, 0x0000000784700000, 0x0000000784800000|  0%| F|  |TAMS 0x0000000784700000, 0x0000000784700000| Untracked 
|  72|0x0000000784800000, 0x0000000784800000, 0x0000000784900000|  0%| F|  |TAMS 0x0000000784800000, 0x0000000784800000| Untracked 
|  73|0x0000000784900000, 0x0000000784900000, 0x0000000784a00000|  0%| F|  |TAMS 0x0000000784900000, 0x0000000784900000| Untracked 
|  74|0x0000000784a00000, 0x0000000784a00000, 0x0000000784b00000|  0%| F|  |TAMS 0x0000000784a00000, 0x0000000784a00000| Untracked 
|  75|0x0000000784b00000, 0x0000000784b00000, 0x0000000784c00000|  0%| F|  |TAMS 0x0000000784b00000, 0x0000000784b00000| Untracked 
|  76|0x0000000784c00000, 0x0000000784c00000, 0x0000000784d00000|  0%| F|  |TAMS 0x0000000784c00000, 0x0000000784c00000| Untracked 
|  77|0x0000000784d00000, 0x0000000784d00000, 0x0000000784e00000|  0%| F|  |TAMS 0x0000000784d00000, 0x0000000784d00000| Untracked 
|  78|0x0000000784e00000, 0x0000000784e00000, 0x0000000784f00000|  0%| F|  |TAMS 0x0000000784e00000, 0x0000000784e00000| Untracked 
|  79|0x0000000784f00000, 0x0000000784f00000, 0x0000000785000000|  0%| F|  |TAMS 0x0000000784f00000, 0x0000000784f00000| Untracked 
|  80|0x0000000785000000, 0x0000000785000000, 0x0000000785100000|  0%| F|  |TAMS 0x0000000785000000, 0x0000000785000000| Untracked 
|  81|0x0000000785100000, 0x0000000785100000, 0x0000000785200000|  0%| F|  |TAMS 0x0000000785100000, 0x0000000785100000| Untracked 
|  82|0x0000000785200000, 0x0000000785200000, 0x0000000785300000|  0%| F|  |TAMS 0x0000000785200000, 0x0000000785200000| Untracked 
|  83|0x0000000785300000, 0x0000000785300000, 0x0000000785400000|  0%| F|  |TAMS 0x0000000785300000, 0x0000000785300000| Untracked 
|  84|0x0000000785400000, 0x0000000785400000, 0x0000000785500000|  0%| F|  |TAMS 0x0000000785400000, 0x0000000785400000| Untracked 
|  85|0x0000000785500000, 0x0000000785500000, 0x0000000785600000|  0%| F|  |TAMS 0x0000000785500000, 0x0000000785500000| Untracked 
|  86|0x0000000785600000, 0x0000000785600000, 0x0000000785700000|  0%| F|  |TAMS 0x0000000785600000, 0x0000000785600000| Untracked 
|  87|0x0000000785700000, 0x0000000785700000, 0x0000000785800000|  0%| F|  |TAMS 0x0000000785700000, 0x0000000785700000| Untracked 
|  88|0x0000000785800000, 0x0000000785800000, 0x0000000785900000|  0%| F|  |TAMS 0x0000000785800000, 0x0000000785800000| Untracked 
|  89|0x0000000785900000, 0x0000000785900000, 0x0000000785a00000|  0%| F|  |TAMS 0x0000000785900000, 0x0000000785900000| Untracked 
|  90|0x0000000785a00000, 0x0000000785a00000, 0x0000000785b00000|  0%| F|  |TAMS 0x0000000785a00000, 0x0000000785a00000| Untracked 
|  91|0x0000000785b00000, 0x0000000785b00000, 0x0000000785c00000|  0%| F|  |TAMS 0x0000000785b00000, 0x0000000785b00000| Untracked 
|  92|0x0000000785c00000, 0x0000000785c00000, 0x0000000785d00000|  0%| F|  |TAMS 0x0000000785c00000, 0x0000000785c00000| Untracked 
|  93|0x0000000785d00000, 0x0000000785d00000, 0x0000000785e00000|  0%| F|  |TAMS 0x0000000785d00000, 0x0000000785d00000| Untracked 
|  94|0x0000000785e00000, 0x0000000785e00000, 0x0000000785f00000|  0%| F|  |TAMS 0x0000000785e00000, 0x0000000785e00000| Untracked 
|  95|0x0000000785f00000, 0x0000000785f00000, 0x0000000786000000|  0%| F|  |TAMS 0x0000000785f00000, 0x0000000785f00000| Untracked 
|  96|0x0000000786000000, 0x0000000786000000, 0x0000000786100000|  0%| F|  |TAMS 0x0000000786000000, 0x0000000786000000| Untracked 
|  97|0x0000000786100000, 0x0000000786100000, 0x0000000786200000|  0%| F|  |TAMS 0x0000000786100000, 0x0000000786100000| Untracked 
|  98|0x0000000786200000, 0x0000000786200000, 0x0000000786300000|  0%| F|  |TAMS 0x0000000786200000, 0x0000000786200000| Untracked 
|  99|0x0000000786300000, 0x0000000786300000, 0x0000000786400000|  0%| F|  |TAMS 0x0000000786300000, 0x0000000786300000| Untracked 
| 100|0x0000000786400000, 0x0000000786400000, 0x0000000786500000|  0%| F|  |TAMS 0x0000000786400000, 0x0000000786400000| Untracked 
| 101|0x0000000786500000, 0x0000000786500000, 0x0000000786600000|  0%| F|  |TAMS 0x0000000786500000, 0x0000000786500000| Untracked 
| 102|0x0000000786600000, 0x0000000786600000, 0x0000000786700000|  0%| F|  |TAMS 0x0000000786600000, 0x0000000786600000| Untracked 
| 103|0x0000000786700000, 0x0000000786700000, 0x0000000786800000|  0%| F|  |TAMS 0x0000000786700000, 0x0000000786700000| Untracked 
| 104|0x0000000786800000, 0x0000000786800000, 0x0000000786900000|  0%| F|  |TAMS 0x0000000786800000, 0x0000000786800000| Untracked 
| 105|0x0000000786900000, 0x0000000786900000, 0x0000000786a00000|  0%| F|  |TAMS 0x0000000786900000, 0x0000000786900000| Untracked 
| 106|0x0000000786a00000, 0x0000000786a00000, 0x0000000786b00000|  0%| F|  |TAMS 0x0000000786a00000, 0x0000000786a00000| Untracked 
| 107|0x0000000786b00000, 0x0000000786b00000, 0x0000000786c00000|  0%| F|  |TAMS 0x0000000786b00000, 0x0000000786b00000| Untracked 
| 108|0x0000000786c00000, 0x0000000786c00000, 0x0000000786d00000|  0%| F|  |TAMS 0x0000000786c00000, 0x0000000786c00000| Untracked 
| 109|0x0000000786d00000, 0x0000000786d00000, 0x0000000786e00000|  0%| F|  |TAMS 0x0000000786d00000, 0x0000000786d00000| Untracked 
| 110|0x0000000786e00000, 0x0000000786e00000, 0x0000000786f00000|  0%| F|  |TAMS 0x0000000786e00000, 0x0000000786e00000| Untracked 
| 111|0x0000000786f00000, 0x0000000786f00000, 0x0000000787000000|  0%| F|  |TAMS 0x0000000786f00000, 0x0000000786f00000| Untracked 
| 112|0x0000000787000000, 0x0000000787000000, 0x0000000787100000|  0%| F|  |TAMS 0x0000000787000000, 0x0000000787000000| Untracked 
| 113|0x0000000787100000, 0x0000000787100000, 0x0000000787200000|  0%| F|  |TAMS 0x0000000787100000, 0x0000000787100000| Untracked 
| 114|0x0000000787200000, 0x0000000787200000, 0x0000000787300000|  0%| F|  |TAMS 0x0000000787200000, 0x0000000787200000| Untracked 
| 115|0x0000000787300000, 0x0000000787300000, 0x0000000787400000|  0%| F|  |TAMS 0x0000000787300000, 0x0000000787300000| Untracked 
| 116|0x0000000787400000, 0x0000000787400000, 0x0000000787500000|  0%| F|  |TAMS 0x0000000787400000, 0x0000000787400000| Untracked 
| 117|0x0000000787500000, 0x0000000787500000, 0x0000000787600000|  0%| F|  |TAMS 0x0000000787500000, 0x0000000787500000| Untracked 
| 118|0x0000000787600000, 0x0000000787600000, 0x0000000787700000|  0%| F|  |TAMS 0x0000000787600000, 0x0000000787600000| Untracked 
| 119|0x0000000787700000, 0x0000000787700000, 0x0000000787800000|  0%| F|  |TAMS 0x0000000787700000, 0x0000000787700000| Untracked 
| 120|0x0000000787800000, 0x0000000787800000, 0x0000000787900000|  0%| F|  |TAMS 0x0000000787800000, 0x0000000787800000| Untracked 
| 121|0x0000000787900000, 0x0000000787900000, 0x0000000787a00000|  0%| F|  |TAMS 0x0000000787900000, 0x0000000787900000| Untracked 
| 122|0x0000000787a00000, 0x0000000787a00000, 0x0000000787b00000|  0%| F|  |TAMS 0x0000000787a00000, 0x0000000787a00000| Untracked 
| 123|0x0000000787b00000, 0x0000000787b00000, 0x0000000787c00000|  0%| F|  |TAMS 0x0000000787b00000, 0x0000000787b00000| Untracked 
| 124|0x0000000787c00000, 0x0000000787c00000, 0x0000000787d00000|  0%| F|  |TAMS 0x0000000787c00000, 0x0000000787c00000| Untracked 
| 125|0x0000000787d00000, 0x0000000787d00000, 0x0000000787e00000|  0%| F|  |TAMS 0x0000000787d00000, 0x0000000787d00000| Untracked 
| 126|0x0000000787e00000, 0x0000000787e05d08, 0x0000000787f00000|  2%| E|  |TAMS 0x0000000787e00000, 0x0000000787e00000| Complete 
| 127|0x0000000787f00000, 0x0000000788000000, 0x0000000788000000|100%| E|CS|TAMS 0x0000000787f00000, 0x0000000787f00000| Complete 

Card table byte_map: [0x0000000110e56000,0x0000000111256000] _byte_map_base: 0x000000010d256000

Marking Bits (Prev, Next): (CMBitMap*) 0x00007fbc9c031818, (CMBitMap*) 0x00007fbc9c031850
 Prev Bits: [0x0000000111656000, 0x0000000113656000)
 Next Bits: [0x0000000113656000, 0x0000000115656000)

Polling page: 0x0000000106bb3000

Metaspace:

Usage:
  Non-class:     11.47 MB capacity,    11.25 MB ( 98%) used,   191.59 KB (  2%) free+waste,    35.69 KB ( <1%) overhead. 
      Class:      1.48 MB capacity,     1.29 MB ( 87%) used,   175.70 KB ( 12%) free+waste,    20.19 KB (  1%) overhead. 
       Both:     12.95 MB capacity,    12.54 MB ( 97%) used,   367.28 KB (  3%) free+waste,    55.88 KB ( <1%) overhead. 

Virtual space:
  Non-class space:       12.00 MB reserved,      11.50 MB ( 96%) committed 
      Class space:        1.00 GB reserved,       1.50 MB ( <1%) committed 
             Both:        1.01 GB reserved,      13.00 MB (  1%) committed 

Chunk freelists:
   Non-Class:  3.75 KB
       Class:  2.38 KB
        Both:  6.12 KB

CodeHeap 'non-profiled nmethods': size=120032Kb used=659Kb max_used=659Kb free=119372Kb
 bounds [0x000000011e337000, 0x000000011e5a7000, 0x000000012586f000]
CodeHeap 'profiled nmethods': size=120032Kb used=2316Kb max_used=2316Kb free=117716Kb
 bounds [0x0000000116dff000, 0x000000011706f000, 0x000000011e337000]
CodeHeap 'non-nmethods': size=5696Kb used=1194Kb max_used=1218Kb free=4501Kb
 bounds [0x000000011686f000, 0x0000000116adf000, 0x0000000116dff000]
 total_blobs=2197 nmethods=1316 adapters=477
 compilation: enabled
              stopped_count=0, restarted_count=0
 full_count=0

Compilation events (10 events):
Event: 15.336 Thread 0x00007fbc9b837000 1328       2       sun.java2d.opengl.OGLRenderQueue::flushBuffer (41 bytes)
Event: 15.337 Thread 0x00007fbc9b837000 nmethod 1328 0x0000000117041290 code [0x0000000117041460, 0x0000000117041658]
Event: 15.460 Thread 0x00007fbc9c2b0800 nmethod 1304 0x000000011e3d0590 code [0x000000011e3d0840, 0x000000011e3d3f98]
Event: 15.460 Thread 0x00007fbc9c2b0800 1319       4       sun.java2d.loops.ProcessPath::doProcessPath (1094 bytes)
Event: 15.485 Thread 0x00007fbc9b837000 1333       2       java.util.HashMap::clear (50 bytes)
Event: 15.486 Thread 0x00007fbc9b837000 nmethod 1333 0x0000000117041790 code [0x0000000117041940, 0x0000000117041b50]
Event: 15.486 Thread 0x00007fbc9b837000 1332       2       java.util.HashSet::clear (8 bytes)
Event: 15.486 Thread 0x00007fbc9b837000 nmethod 1332 0x0000000117041c10 code [0x0000000117041dc0, 0x0000000117041f48]
Event: 15.580 Thread 0x00007fbc9b836000 nmethod 1320 0x000000011e3d5b90 code [0x000000011e3d61a0, 0x000000011e3d9598]
Event: 15.580 Thread 0x00007fbc9b836000 1322   !   4       sun.java2d.pipe.BufferedRenderPipe::fill (210 bytes)

GC Heap History (10 events):
Event: 8.102 GC heap before
{Heap before GC invocations=5 (full 0):
 garbage-first heap   total 131072K, used 77012K [0x0000000780000000, 0x0000000800000000)
  region size 1024K, 76 young (77824K), 3 survivors (3072K)
 Metaspace       used 12459K, capacity 12845K, committed 13056K, reserved 1060864K
  class space    used 1295K, capacity 1484K, committed 1536K, reserved 1048576K
}
Event: 8.106 GC heap after
{Heap after GC invocations=6 (full 0):
 garbage-first heap   total 131072K, used 2158K [0x0000000780000000, 0x0000000800000000)
  region size 1024K, 3 young (3072K), 3 survivors (3072K)
 Metaspace       used 12459K, capacity 12845K, committed 13056K, reserved 1060864K
  class space    used 1295K, capacity 1484K, committed 1536K, reserved 1048576K
}
Event: 9.662 GC heap before
{Heap before GC invocations=6 (full 0):
 garbage-first heap   total 131072K, used 76910K [0x0000000780000000, 0x0000000800000000)
  region size 1024K, 76 young (77824K), 3 survivors (3072K)
 Metaspace       used 12486K, capacity 12909K, committed 13056K, reserved 1060864K
  class space    used 1295K, capacity 1484K, committed 1536K, reserved 1048576K
}
Event: 9.667 GC heap after
{Heap after GC invocations=7 (full 0):
 garbage-first heap   total 131072K, used 2260K [0x0000000780000000, 0x0000000800000000)
  region size 1024K, 3 young (3072K), 3 survivors (3072K)
 Metaspace       used 12486K, capacity 12909K, committed 13056K, reserved 1060864K
  class space    used 1295K, capacity 1484K, committed 1536K, reserved 1048576K
}
Event: 11.078 GC heap before
{Heap before GC invocations=7 (full 0):
 garbage-first heap   total 131072K, used 77012K [0x0000000780000000, 0x0000000800000000)
  region size 1024K, 76 young (77824K), 3 survivors (3072K)
 Metaspace       used 12497K, capacity 12909K, committed 13056K, reserved 1060864K
  class space    used 1295K, capacity 1484K, committed 1536K, reserved 1048576K
}
Event: 11.081 GC heap after
{Heap after GC invocations=8 (full 0):
 garbage-first heap   total 131072K, used 2259K [0x0000000780000000, 0x0000000800000000)
  region size 1024K, 3 young (3072K), 3 survivors (3072K)
 Metaspace       used 12497K, capacity 12909K, committed 13056K, reserved 1060864K
  class space    used 1295K, capacity 1484K, committed 1536K, reserved 1048576K
}
Event: 14.337 GC heap before
{Heap before GC invocations=8 (full 0):
 garbage-first heap   total 131072K, used 77011K [0x0000000780000000, 0x0000000800000000)
  region size 1024K, 76 young (77824K), 3 survivors (3072K)
 Metaspace       used 12524K, capacity 12909K, committed 13056K, reserved 1060864K
  class space    used 1295K, capacity 1484K, committed 1536K, reserved 1048576K
}
Event: 14.354 GC heap after
{Heap after GC invocations=9 (full 0):
 garbage-first heap   total 131072K, used 2362K [0x0000000780000000, 0x0000000800000000)
  region size 1024K, 3 young (3072K), 3 survivors (3072K)
 Metaspace       used 12524K, capacity 12909K, committed 13056K, reserved 1060864K
  class space    used 1295K, capacity 1484K, committed 1536K, reserved 1048576K
}
Event: 15.571 GC heap before
{Heap before GC invocations=9 (full 0):
 garbage-first heap   total 131072K, used 81210K [0x0000000780000000, 0x0000000800000000)
  region size 1024K, 76 young (77824K), 3 survivors (3072K)
 Metaspace       used 12839K, capacity 13263K, committed 13312K, reserved 1060864K
  class space    used 1321K, capacity 1517K, committed 1536K, reserved 1048576K
}
Event: 15.574 GC heap after
{Heap after GC invocations=10 (full 0):
 garbage-first heap   total 131072K, used 6253K [0x0000000780000000, 0x0000000800000000)
  region size 1024K, 3 young (3072K), 3 survivors (3072K)
 Metaspace       used 12839K, capacity 13263K, committed 13312K, reserved 1060864K
  class space    used 1321K, capacity 1517K, committed 1536K, reserved 1048576K
}

Deoptimization events (10 events):
Event: 14.740 Thread 0x00007fbc9a986800 Uncommon trap: reason=class_check action=maybe_recompile pc=0x000000011e394d98 method=sun.java2d.pipe.PixelToShapeConverter.fillPolygon(Lsun/java2d/SunGraphics2D;[I[II)V @ 14 c2
Event: 14.743 Thread 0x00007fbc9a986800 Uncommon trap: reason=bimorphic_or_optimized_type_check action=maybe_recompile pc=0x000000011e3b72e0 method=sun.java2d.SunGraphics2D.validateColor()V @ 94 c2
Event: 14.743 Thread 0x00007fbc9a986800 Uncommon trap: reason=class_check action=maybe_recompile pc=0x000000011e394d98 method=sun.java2d.pipe.PixelToShapeConverter.fillPolygon(Lsun/java2d/SunGraphics2D;[I[II)V @ 14 c2
Event: 14.743 Thread 0x00007fbc9a986800 Uncommon trap: reason=bimorphic_or_optimized_type_check action=maybe_recompile pc=0x000000011e38d068 method=sun.java2d.SunGraphics2D.validateColor()V @ 94 c2
Event: 14.744 Thread 0x00007fbc9a986800 Uncommon trap: reason=class_check action=maybe_recompile pc=0x000000011e394d98 method=sun.java2d.pipe.PixelToShapeConverter.fillPolygon(Lsun/java2d/SunGraphics2D;[I[II)V @ 14 c2
Event: 14.744 Thread 0x00007fbc9a986800 Uncommon trap: reason=bimorphic_or_optimized_type_check action=maybe_recompile pc=0x000000011e3844c0 method=sun.java2d.SunGraphics2D.validateColor()V @ 94 c2
Event: 14.744 Thread 0x00007fbc9a986800 Uncommon trap: reason=class_check action=maybe_recompile pc=0x000000011e394d98 method=sun.java2d.pipe.PixelToShapeConverter.fillPolygon(Lsun/java2d/SunGraphics2D;[I[II)V @ 14 c2
Event: 14.745 Thread 0x00007fbc9a986800 Uncommon trap: reason=bimorphic_or_optimized_type_check action=maybe_recompile pc=0x000000011e3ac14c method=sun.java2d.SunGraphics2D.validateColor()V @ 94 c2
Event: 14.861 Thread 0x00007fbc9bb0e000 Uncommon trap: reason=unstable_if action=reinterpret pc=0x000000011e3b0e1c method=java.util.HashMap.clear()V @ 16 c2
Event: 15.075 Thread 0x00007fbc9a986800 Uncommon trap: reason=unstable_if action=reinterpret pc=0x000000011e3cb004 method=sun.java2d.loops.ProcessPath.CLIPCLAMP(FF[FIIIIII)I @ 48 c2

Classes redefined (0 events):
No events

Internal exceptions (10 events):
Event: 0.801 Thread 0x00007fbc9b001800 Exception <a 'java/lang/NoSuchMethodError'{0x000000078799ff30}: java.lang.invoke.Invokers$Holder.linkToTargetMethod(IIIILjava/lang/Object;)Ljava/lang/Object;> (0x000000078799ff30) thrown at [/scratch/mesos/slaves/07fc96ef-bf4d-487f-b22f-a84e49f5f44a-S2779
Event: 0.803 Thread 0x00007fbc9b001800 Exception <a 'java/lang/NoSuchMethodError'{0x00000007879a2de0}: java.lang.invoke.DirectMethodHandle$Holder.invokeStatic(Ljava/lang/Object;Ljava/lang/Object;J)V> (0x00000007879a2de0) thrown at [/scratch/mesos/slaves/07fc96ef-bf4d-487f-b22f-a84e49f5f44a-S27
Event: 0.819 Thread 0x00007fbc9b03a800 Exception <a 'java/lang/NoSuchMethodError'{0x0000000787b7b148}: java.lang.invoke.DirectMethodHandle$Holder.invokeSpecial(Ljava/lang/Object;Ljava/lang/Object;J)V> (0x0000000787b7b148) thrown at [/scratch/mesos/slaves/07fc96ef-bf4d-487f-b22f-a84e49f5f44a-S2
Event: 0.846 Thread 0x00007fbc9b001800 Exception <a 'java/lang/NoSuchMethodError'{0x00000007879b83a8}: java.lang.invoke.DirectMethodHandle$Holder.invokeStatic(Ljava/lang/Object;JJ)V> (0x00000007879b83a8) thrown at [/scratch/mesos/slaves/07fc96ef-bf4d-487f-b22f-a84e49f5f44a-S27799/frameworks/17
Event: 0.848 Thread 0x00007fbc9b001800 Exception <a 'java/lang/NoSuchMethodError'{0x00000007879bd590}: java.lang.invoke.DirectMethodHandle$Holder.invokeStatic(Ljava/lang/Object;J)Ljava/lang/Object;> (0x00000007879bd590) thrown at [/scratch/mesos/slaves/07fc96ef-bf4d-487f-b22f-a84e49f5f44a-S277
Event: 0.851 Thread 0x00007fbc9b001800 Exception <a 'java/lang/NoSuchMethodError'{0x00000007879cc5c0}: java.lang.invoke.Invokers$Holder.linkToTargetMethod(Ljava/lang/Object;ILjava/lang/Object;)Ljava/lang/Object;> (0x00000007879cc5c0) thrown at [/scratch/mesos/slaves/07fc96ef-bf4d-487f-b22f-a84
Event: 1.314 Thread 0x00007fbc9c07d000 Exception <a 'java/lang/NullPointerException'{0x0000000787f80800}> (0x0000000787f80800) thrown at [/scratch/mesos/slaves/07fc96ef-bf4d-487f-b22f-a84e49f5f44a-S27799/frameworks/1735e8a2-a1db-478c-8104-60c8b0af87dd-0196/executors/23259148-f5c6-492a-83be-44c
Event: 14.651 Thread 0x00007fbc9b03a800 Implicit null exception at 0x000000011e395f57 to 0x000000011e39798a
Event: 14.651 Thread 0x00007fbc9b03a800 Implicit null exception at 0x000000011e3893ec to 0x000000011e3895f2
Event: 14.724 Thread 0x00007fbc9a986800 Exception <a 'java/lang/ClassCastException'{0x0000000787926c20}: class sun.awt.image.BufImgSurfaceData cannot be cast to class sun.java2d.opengl.OGLSurfaceData (sun.awt.image.BufImgSurfaceData and sun.java2d.opengl.OGLSurfaceData are in module java.deskto

Events (10 events):
Event: 14.926 loading class sun/java2d/loops/ProcessPath$ActiveEdgeList
Event: 14.927 loading class sun/java2d/loops/ProcessPath$ActiveEdgeList done
Event: 14.927 loading class sun/java2d/loops/ProcessPath$Edge
Event: 14.927 loading class sun/java2d/loops/ProcessPath$Edge done
Event: 14.929 Thread 0x00007fbc9c2b0800 Thread added: 0x00007fbc9c2b0800
Event: 15.075 Thread 0x00007fbc9a986800 Uncommon trap: trap_request=0xffffff4d fr.pc=0x000000011e3cb004 relative=0x0000000000000144
Event: 15.075 Thread 0x00007fbc9a986800 DEOPT PACKING pc=0x000000011e3cb004 sp=0x00007000068185c0
Event: 15.075 Thread 0x00007fbc9a986800 DEOPT UNPACKING pc=0x00000001168979a5 sp=0x0000700006818568 mode 2
Event: 15.570 Executing VM operation: G1CollectForAllocation
Event: 15.574 Executing VM operation: G1CollectForAllocation done


Dynamic libraries:
0x00007fff53497000 	/System/Library/Frameworks/Cocoa.framework/Versions/A/Cocoa
0x00007fff5fab4000 	/System/Library/Frameworks/Security.framework/Versions/A/Security
0x00007fff520d8000 	/System/Library/Frameworks/ApplicationServices.framework/Versions/A/ApplicationServices
0x00007fff7b9e8000 	/usr/lib/libz.1.dylib
0x00007fff79919000 	/usr/lib/libSystem.B.dylib
0x00007fff53c4a000 	/System/Library/Frameworks/CoreFoundation.framework/Versions/A/CoreFoundation
0x00007fff55dac000 	/System/Library/Frameworks/Foundation.framework/Versions/C/Foundation
0x00007fff7afd2000 	/usr/lib/libobjc.A.dylib
0x00007fff51228000 	/System/Library/Frameworks/AppKit.framework/Versions/C/AppKit
0x00007fff5380f000 	/System/Library/Frameworks/CoreData.framework/Versions/A/CoreData
0x00007fff731d2000 	/System/Library/PrivateFrameworks/RemoteViewServices.framework/Versions/A/RemoteViewServices
0x00007fff7794b000 	/System/Library/PrivateFrameworks/UIFoundation.framework/Versions/A/UIFoundation
0x00007fff67fca000 	/System/Library/PrivateFrameworks/DFRFoundation.framework/Versions/A/DFRFoundation
0x00007fff58419000 	/System/Library/Frameworks/Metal.framework/Versions/A/Metal
0x00007fff68167000 	/System/Library/PrivateFrameworks/DesktopServicesPriv.framework/Versions/A/DesktopServicesPriv
0x00007fff7a51f000 	/usr/lib/libenergytrace.dylib
0x00007fff759b7000 	/System/Library/PrivateFrameworks/SkyLight.framework/Versions/A/SkyLight
0x00007fff540ed000 	/System/Library/Frameworks/CoreGraphics.framework/Versions/A/CoreGraphics
0x00007fff79914000 	/usr/lib/libScreenReader.dylib
0x00007fff501c2000 	/System/Library/Frameworks/Accelerate.framework/Versions/A/Accelerate
0x00007fff56527000 	/System/Library/Frameworks/IOSurface.framework/Versions/A/IOSurface
0x00007fff52622000 	/System/Library/Frameworks/AudioToolbox.framework/Versions/A/AudioToolbox
0x00007fff528b2000 	/System/Library/Frameworks/AudioUnit.framework/Versions/A/AudioUnit
0x00007fff68062000 	/System/Library/PrivateFrameworks/DataDetectorsCore.framework/Versions/A/DataDetectorsCore
0x00007fff52f8a000 	/System/Library/Frameworks/Carbon.framework/Versions/A/Frameworks/HIToolbox.framework/Versions/A/HIToolbox
0x00007fff7a679000 	/usr/lib/libicucore.A.dylib
0x00007fff5f031000 	/System/Library/Frameworks/QuartzCore.framework/Versions/A/QuartzCore
0x00007fff74c59000 	/System/Library/PrivateFrameworks/SignpostNotification.framework/Versions/A/SignpostNotification
0x00007fff53370000 	/System/Library/Frameworks/Carbon.framework/Versions/A/Frameworks/SpeechRecognition.framework/Versions/A/SpeechRecognition
0x00007fff79a75000 	/usr/lib/libauto.dylib
0x00007fff7b8d7000 	/usr/lib/libxml2.2.dylib
0x00007fff67c1a000 	/System/Library/PrivateFrameworks/CoreUI.framework/Versions/A/CoreUI
0x00007fff536eb000 	/System/Library/Frameworks/CoreAudio.framework/Versions/A/CoreAudio
0x00007fff55be6000 	/System/Library/Frameworks/DiskArbitration.framework/Versions/A/DiskArbitration
0x00007fff7a8ed000 	/usr/lib/liblangid.dylib
0x00007fff6f6d5000 	/System/Library/PrivateFrameworks/MultitouchSupport.framework/Versions/A/MultitouchSupport
0x00007fff56489000 	/System/Library/Frameworks/IOKit.framework/Versions/A/IOKit
0x00007fff795a3000 	/usr/lib/libDiagnosticMessagesClient.dylib
0x00007fff54dc3000 	/System/Library/Frameworks/CoreServices.framework/Versions/A/CoreServices
0x00007fff7120e000 	/System/Library/PrivateFrameworks/PerformanceAnalysis.framework/Versions/A/PerformanceAnalysis
0x00007fff5e1d3000 	/System/Library/Frameworks/OpenGL.framework/Versions/A/OpenGL
0x00007fff534a5000 	/System/Library/Frameworks/ColorSync.framework/Versions/A/ColorSync
0x00007fff546ff000 	/System/Library/Frameworks/CoreImage.framework/Versions/A/CoreImage
0x00007fff55754000 	/System/Library/Frameworks/CoreText.framework/Versions/A/CoreText
0x00007fff56585000 	/System/Library/Frameworks/ImageIO.framework/Versions/A/ImageIO
0x00007fff648c6000 	/System/Library/PrivateFrameworks/Backup.framework/Versions/A/Backup
0x00007fff799c5000 	/usr/lib/libarchive.2.dylib
0x00007fff52bd5000 	/System/Library/Frameworks/CFNetwork.framework/Versions/A/CFNetwork
0x00007fff60247000 	/System/Library/Frameworks/SystemConfiguration.framework/Versions/A/SystemConfiguration
0x00007fff794cc000 	/usr/lib/libCRFSuite.dylib
0x00007fff79b4e000 	/usr/lib/libc++.1.dylib
0x00007fff79ba5000 	/usr/lib/libc++abi.dylib
0x00007fff7ba96000 	/usr/lib/system/libcache.dylib
0x00007fff7ba9b000 	/usr/lib/system/libcommonCrypto.dylib
0x00007fff7baa6000 	/usr/lib/system/libcompiler_rt.dylib
0x00007fff7baae000 	/usr/lib/system/libcopyfile.dylib
0x00007fff7bab8000 	/usr/lib/system/libcorecrypto.dylib
0x00007fff7bbc5000 	/usr/lib/system/libdispatch.dylib
0x00007fff7bbff000 	/usr/lib/system/libdyld.dylib
0x00007fff7bc1d000 	/usr/lib/system/libkeymgr.dylib
0x00007fff7bc2b000 	/usr/lib/system/liblaunch.dylib
0x00007fff7bc2c000 	/usr/lib/system/libmacho.dylib
0x00007fff7bc31000 	/usr/lib/system/libquarantine.dylib
0x00007fff7bc34000 	/usr/lib/system/libremovefile.dylib
0x00007fff7bc36000 	/usr/lib/system/libsystem_asl.dylib
0x00007fff7bc4e000 	/usr/lib/system/libsystem_blocks.dylib
0x00007fff7bc4f000 	/usr/lib/system/libsystem_c.dylib
0x00007fff7bcd9000 	/usr/lib/system/libsystem_configuration.dylib
0x00007fff7bcdd000 	/usr/lib/system/libsystem_coreservices.dylib
0x00007fff7bce1000 	/usr/lib/system/libsystem_darwin.dylib
0x00007fff7bce3000 	/usr/lib/system/libsystem_dnssd.dylib
0x00007fff7bcea000 	/usr/lib/system/libsystem_info.dylib
0x00007fff7bd5b000 	/usr/lib/system/libsystem_m.dylib
0x00007fff7bda7000 	/usr/lib/system/libsystem_malloc.dylib
0x00007fff7bdc7000 	/usr/lib/system/libsystem_network.dylib
0x00007fff7bef8000 	/usr/lib/system/libsystem_networkextension.dylib
0x00007fff7bf03000 	/usr/lib/system/libsystem_notify.dylib
0x00007fff7bf21000 	/usr/lib/system/libsystem_sandbox.dylib
0x00007fff7bf25000 	/usr/lib/system/libsystem_secinit.dylib
0x00007fff7bd34000 	/usr/lib/system/libsystem_kernel.dylib
0x00007fff7bf0d000 	/usr/lib/system/libsystem_platform.dylib
0x00007fff7bf15000 	/usr/lib/system/libsystem_pthread.dylib
0x00007fff7bf27000 	/usr/lib/system/libsystem_symptoms.dylib
0x00007fff7bf2f000 	/usr/lib/system/libsystem_trace.dylib
0x00007fff7bf44000 	/usr/lib/system/libunwind.dylib
0x00007fff7bf4a000 	/usr/lib/system/libxpc.dylib
0x00007fff793df000 	/usr/lib/closure/libclosured.dylib
0x00007fff79b2f000 	/usr/lib/libbsm.0.dylib
0x00007fff7bc1e000 	/usr/lib/system/libkxld.dylib
0x00007fff797dd000 	/usr/lib/libOpenScriptingUtil.dylib
0x00007fff79e9e000 	/usr/lib/libcoretls.dylib
0x00007fff79eb7000 	/usr/lib/libcoretls_cfhelpers.dylib
0x00007fff7b3d3000 	/usr/lib/libpam.2.dylib
0x00007fff7b4fa000 	/usr/lib/libsqlite3.dylib
0x00007fff7b8c6000 	/usr/lib/libxar.1.dylib
0x00007fff79b40000 	/usr/lib/libbz2.1.0.dylib
0x00007fff7a8ef000 	/usr/lib/liblzma.5.dylib
0x00007fff7add0000 	/usr/lib/libnetwork.dylib
0x00007fff799ae000 	/usr/lib/libapple_nghttp2.dylib
0x00007fff7b3da000 	/usr/lib/libpcap.A.dylib
0x00007fff79a76000 	/usr/lib/libboringssl.dylib
0x00007fff7b861000 	/usr/lib/libusrtcp.dylib
0x00007fff799ad000 	/usr/lib/libapple_crypto.dylib
0x00007fff55146000 	/System/Library/Frameworks/CoreServices.framework/Versions/A/Frameworks/FSEvents.framework/Versions/A/FSEvents
0x00007fff54e39000 	/System/Library/Frameworks/CoreServices.framework/Versions/A/Frameworks/CarbonCore.framework/Versions/A/CarbonCore
0x00007fff5530e000 	/System/Library/Frameworks/CoreServices.framework/Versions/A/Frameworks/Metadata.framework/Versions/A/Metadata
0x00007fff553bf000 	/System/Library/Frameworks/CoreServices.framework/Versions/A/Frameworks/OSServices.framework/Versions/A/OSServices
0x00007fff55420000 	/System/Library/Frameworks/CoreServices.framework/Versions/A/Frameworks/SearchKit.framework/Versions/A/SearchKit
0x00007fff54dc4000 	/System/Library/Frameworks/CoreServices.framework/Versions/A/Frameworks/AE.framework/Versions/A/AE
0x00007fff5514f000 	/System/Library/Frameworks/CoreServices.framework/Versions/A/Frameworks/LaunchServices.framework/Versions/A/LaunchServices
0x00007fff55111000 	/System/Library/Frameworks/CoreServices.framework/Versions/A/Frameworks/DictionaryServices.framework/Versions/A/DictionaryServices
0x00007fff5548f000 	/System/Library/Frameworks/CoreServices.framework/Versions/A/Frameworks/SharedFileList.framework/Versions/A/SharedFileList
0x00007fff5964f000 	/System/Library/Frameworks/NetFS.framework/Versions/A/NetFS
0x00007fff6f966000 	/System/Library/PrivateFrameworks/NetAuth.framework/Versions/A/NetAuth
0x00007fff79276000 	/System/Library/PrivateFrameworks/login.framework/Versions/A/Frameworks/loginsupport.framework/Versions/A/loginsupport
0x00007fff775c8000 	/System/Library/PrivateFrameworks/TCC.framework/Versions/A/TCC
0x00007fff7a9d0000 	/usr/lib/libmecabra.dylib
0x00007fff520d9000 	/System/Library/Frameworks/ApplicationServices.framework/Versions/A/Frameworks/ATS.framework/Versions/A/ATS
0x00007fff52487000 	/System/Library/Frameworks/ApplicationServices.framework/Versions/A/Frameworks/ColorSyncLegacy.framework/Versions/A/ColorSyncLegacy
0x00007fff5252b000 	/System/Library/Frameworks/ApplicationServices.framework/Versions/A/Frameworks/HIServices.framework/Versions/A/HIServices
0x00007fff5257e000 	/System/Library/Frameworks/ApplicationServices.framework/Versions/A/Frameworks/LangAnalysis.framework/Versions/A/LangAnalysis
0x00007fff5258d000 	/System/Library/Frameworks/ApplicationServices.framework/Versions/A/Frameworks/PrintCore.framework/Versions/A/PrintCore
0x00007fff525da000 	/System/Library/Frameworks/ApplicationServices.framework/Versions/A/Frameworks/QD.framework/Versions/A/QD
0x00007fff52615000 	/System/Library/Frameworks/ApplicationServices.framework/Versions/A/Frameworks/SpeechSynthesis.framework/Versions/A/SpeechSynthesis
0x00007fff53b66000 	/System/Library/Frameworks/CoreDisplay.framework/Versions/A/CoreDisplay
0x00007fff501da000 	/System/Library/Frameworks/Accelerate.framework/Versions/A/Frameworks/vImage.framework/Versions/A/vImage
0x00007fff50f34000 	/System/Library/Frameworks/Accelerate.framework/Versions/A/Frameworks/vecLib.framework/Versions/A/vecLib
0x00007fff50cd4000 	/System/Library/Frameworks/Accelerate.framework/Versions/A/Frameworks/vecLib.framework/Versions/A/libvDSP.dylib
0x00007fff50834000 	/System/Library/Frameworks/Accelerate.framework/Versions/A/Frameworks/vecLib.framework/Versions/A/libBNNS.dylib
0x00007fff50c39000 	/System/Library/Frameworks/Accelerate.framework/Versions/A/Frameworks/vecLib.framework/Versions/A/libQuadrature.dylib
0x00007fff50e82000 	/System/Library/Frameworks/Accelerate.framework/Versions/A/Frameworks/vecLib.framework/Versions/A/libvMisc.dylib
0x00007fff50863000 	/System/Library/Frameworks/Accelerate.framework/Versions/A/Frameworks/vecLib.framework/Versions/A/libLAPACK.dylib
0x00007fff506d9000 	/System/Library/Frameworks/Accelerate.framework/Versions/A/Frameworks/vecLib.framework/Versions/A/libBLAS.dylib
0x00007fff50c23000 	/System/Library/Frameworks/Accelerate.framework/Versions/A/Frameworks/vecLib.framework/Versions/A/libLinearAlgebra.dylib
0x00007fff50c3f000 	/System/Library/Frameworks/Accelerate.framework/Versions/A/Frameworks/vecLib.framework/Versions/A/libSparse.dylib
0x00007fff50cc0000 	/System/Library/Frameworks/Accelerate.framework/Versions/A/Frameworks/vecLib.framework/Versions/A/libSparseBLAS.dylib
0x00007fff6c7a6000 	/System/Library/PrivateFrameworks/GPUWrangler.framework/Versions/A/GPUWrangler
0x00007fff6df37000 	/System/Library/PrivateFrameworks/IOAccelerator.framework/Versions/A/IOAccelerator
0x00007fff6df42000 	/System/Library/PrivateFrameworks/IOPresentment.framework/Versions/A/IOPresentment
0x00007fff67fdc000 	/System/Library/PrivateFrameworks/DSExternalDisplay.framework/Versions/A/DSExternalDisplay
0x00007fff5d652000 	/System/Library/Frameworks/OpenGL.framework/Versions/A/Libraries/libCoreFSCache.dylib
0x00007fff558a5000 	/System/Library/Frameworks/CoreVideo.framework/Versions/A/CoreVideo
0x00007fff6d521000 	/System/Library/PrivateFrameworks/GraphVisualizer.framework/Versions/A/GraphVisualizer
0x00007fff58650000 	/System/Library/Frameworks/MetalPerformanceShaders.framework/Versions/A/MetalPerformanceShaders
0x00007fff795db000 	/usr/lib/libFosl_dynamic.dylib
0x00007fff690b0000 	/System/Library/PrivateFrameworks/FaceCore.framework/Versions/A/FaceCore
0x00007fff5c44d000 	/System/Library/Frameworks/OpenCL.framework/Versions/A/OpenCL
0x00007fff79bdc000 	/usr/lib/libcompression.dylib
0x00007fff521d8000 	/System/Library/Frameworks/ApplicationServices.framework/Versions/A/Frameworks/ATS.framework/Versions/A/Resources/libFontParser.dylib
0x00007fff522fb000 	/System/Library/Frameworks/ApplicationServices.framework/Versions/A/Frameworks/ATS.framework/Versions/A/Resources/libFontRegistry.dylib
0x00007fff567ed000 	/System/Library/Frameworks/ImageIO.framework/Versions/A/Resources/libJPEG.dylib
0x00007fff56b16000 	/System/Library/Frameworks/ImageIO.framework/Versions/A/Resources/libTIFF.dylib
0x00007fff56aec000 	/System/Library/Frameworks/ImageIO.framework/Versions/A/Resources/libPng.dylib
0x00007fff56700000 	/System/Library/Frameworks/ImageIO.framework/Versions/A/Resources/libGIF.dylib
0x00007fff56705000 	/System/Library/Frameworks/ImageIO.framework/Versions/A/Resources/libJP2.dylib
0x00007fff56b13000 	/System/Library/Frameworks/ImageIO.framework/Versions/A/Resources/libRadiance.dylib
0x00007fff63ff0000 	/System/Library/PrivateFrameworks/AppleJPEG.framework/Versions/A/AppleJPEG
0x00007fff584b7000 	/System/Library/Frameworks/MetalPerformanceShaders.framework/Frameworks/MPSCore.framework/Versions/A/MPSCore
0x00007fff584d3000 	/System/Library/Frameworks/MetalPerformanceShaders.framework/Frameworks/MPSImage.framework/Versions/A/MPSImage
0x00007fff58568000 	/System/Library/Frameworks/MetalPerformanceShaders.framework/Frameworks/MPSNeuralNetwork.framework/Versions/A/MPSNeuralNetwork
0x00007fff58543000 	/System/Library/Frameworks/MetalPerformanceShaders.framework/Frameworks/MPSMatrix.framework/Versions/A/MPSMatrix
0x00007fff6f438000 	/System/Library/PrivateFrameworks/MetalTools.framework/Versions/A/MetalTools
0x00007fff5d81d000 	/System/Library/Frameworks/OpenGL.framework/Versions/A/Libraries/libGLU.dylib
0x00007fff5d65d000 	/System/Library/Frameworks/OpenGL.framework/Versions/A/Libraries/libGFXShared.dylib
0x00007fff5d667000 	/System/Library/Frameworks/OpenGL.framework/Versions/A/Libraries/libGL.dylib
0x00007fff5d673000 	/System/Library/Frameworks/OpenGL.framework/Versions/A/Libraries/libGLImage.dylib
0x00007fff5d64f000 	/System/Library/Frameworks/OpenGL.framework/Versions/A/Libraries/libCVMSPluginSupport.dylib
0x00007fff5d658000 	/System/Library/Frameworks/OpenGL.framework/Versions/A/Libraries/libCoreVMClient.dylib
0x00007fff7a389000 	/usr/lib/libcups.2.dylib
0x00007fff57a1e000 	/System/Library/Frameworks/Kerberos.framework/Versions/A/Kerberos
0x00007fff561e3000 	/System/Library/Frameworks/GSS.framework/Versions/A/GSS
0x00007fff7b48d000 	/usr/lib/libresolv.9.dylib
0x00007fff7a587000 	/usr/lib/libiconv.2.dylib
0x00007fff6d5b3000 	/System/Library/PrivateFrameworks/Heimdal.framework/Versions/A/Heimdal
0x00007fff7a556000 	/usr/lib/libheimdal-asn1.dylib
0x00007fff5c4c5000 	/System/Library/Frameworks/OpenDirectory.framework/Versions/A/OpenDirectory
0x00007fff66307000 	/System/Library/PrivateFrameworks/CommonAuth.framework/Versions/A/CommonAuth
0x00007fff5c4a8000 	/System/Library/Frameworks/OpenDirectory.framework/Versions/A/Frameworks/CFOpenDirectory.framework/Versions/A/CFOpenDirectory
0x00007fff5fde0000 	/System/Library/Frameworks/SecurityFoundation.framework/Versions/A/SecurityFoundation
0x00007fff631b4000 	/System/Library/PrivateFrameworks/APFS.framework/Versions/A/APFS
0x00007fff7b8c2000 	/usr/lib/libutil.dylib
0x00007fff64073000 	/System/Library/PrivateFrameworks/AppleSauce.framework/Versions/A/AppleSauce
0x00007fff6e71f000 	/System/Library/PrivateFrameworks/LinguisticData.framework/Versions/A/LinguisticData
0x00007fff7a909000 	/usr/lib/libmarisa.dylib
0x00007fff6e6d9000 	/System/Library/PrivateFrameworks/Lexicon.framework/Versions/A/Lexicon
0x00007fff79506000 	/usr/lib/libChineseTokenizer.dylib
0x00007fff79bcb000 	/usr/lib/libcmph.dylib
0x00007fff6e5e3000 	/System/Library/PrivateFrameworks/LanguageModeling.framework/Versions/A/LanguageModeling
0x00007fff66e24000 	/System/Library/PrivateFrameworks/CoreEmoji.framework/Versions/A/CoreEmoji
0x00007fff5fe9e000 	/System/Library/Frameworks/ServiceManagement.framework/Versions/A/ServiceManagement
0x00007fff648be000 	/System/Library/PrivateFrameworks/BackgroundTaskManagement.framework/Versions/A/BackgroundTaskManagement
0x00007fff7b9bf000 	/usr/lib/libxslt.1.dylib
0x00007fff5329a000 	/System/Library/Frameworks/Carbon.framework/Versions/A/Frameworks/Ink.framework/Versions/A/Ink
0x00007fff777dd000 	/System/Library/PrivateFrameworks/TextureIO.framework/Versions/A/TextureIO
0x00007fff799f0000 	/usr/lib/libate.dylib
0x00007fff67f3b000 	/System/Library/PrivateFrameworks/CrashReporterSupport.framework/Versions/A/CrashReporterSupport
0x00007fff74b19000 	/System/Library/PrivateFrameworks/Sharing.framework/Versions/A/Sharing
0x00007fff6e324000 	/System/Library/PrivateFrameworks/IconServices.framework/Versions/A/IconServices
0x00007fff644ee000 	/System/Library/PrivateFrameworks/AuthKit.framework/Versions/A/AuthKit
0x00007fff63e73000 	/System/Library/PrivateFrameworks/Apple80211.framework/Versions/A/Apple80211
0x00007fff67d50000 	/System/Library/PrivateFrameworks/CoreUtils.framework/Versions/A/CoreUtils
0x00007fff558e0000 	/System/Library/Frameworks/CoreWLAN.framework/Versions/A/CoreWLAN
0x00007fff56325000 	/System/Library/Frameworks/IOBluetooth.framework/Versions/A/IOBluetooth
0x00007fff72fdd000 	/System/Library/PrivateFrameworks/ProtocolBuffer.framework/Versions/A/ProtocolBuffer
0x00007fff6f630000 	/System/Library/PrivateFrameworks/MobileKeyBag.framework/Versions/A/MobileKeyBag
0x00007fff675c8000 	/System/Library/PrivateFrameworks/CorePhoneNumbers.framework/Versions/A/CorePhoneNumbers
0x00007fff63fab000 	/System/Library/PrivateFrameworks/AppleIDAuthSupport.framework/Versions/A/AppleIDAuthSupport
0x00007fff6e5cf000 	/System/Library/PrivateFrameworks/KeychainCircle.framework/Versions/A/KeychainCircle
0x00007fff67ed6000 	/System/Library/PrivateFrameworks/CoreWiFi.framework/Versions/A/CoreWiFi
0x00007fff537e5000 	/System/Library/Frameworks/CoreBluetooth.framework/Versions/A/CoreBluetooth
0x00007fff68126000 	/System/Library/PrivateFrameworks/DebugSymbols.framework/Versions/A/DebugSymbols
0x00007fff67b06000 	/System/Library/PrivateFrameworks/CoreSymbolication.framework/Versions/A/CoreSymbolication
0x00007fff76fcf000 	/System/Library/PrivateFrameworks/Symbolication.framework/Versions/A/Symbolication
0x00007fff63e9d000 	/System/Library/PrivateFrameworks/AppleFSCompression.framework/Versions/A/AppleFSCompression
0x00007fff7641c000 	/System/Library/PrivateFrameworks/SpeechRecognitionCore.framework/Versions/A/SpeechRecognitionCore
0x0000000107400000 	/Library/Java/JavaVirtualMachines/jdk-11.0.2.jdk/Contents/Home/lib/server/libjvm.dylib
0x0000000106b79000 	/Library/Java/JavaVirtualMachines/jdk-11.0.2.jdk/Contents/Home/lib/libverify.dylib
0x0000000106b85000 	/Library/Java/JavaVirtualMachines/jdk-11.0.2.jdk/Contents/Home/lib/libjava.dylib
0x0000000108149000 	/Library/Java/JavaVirtualMachines/jdk-11.0.2.jdk/Contents/Home/lib/libzip.dylib
0x0000000108151000 	/Library/Java/JavaVirtualMachines/jdk-11.0.2.jdk/Contents/Home/lib/libjimage.dylib
0x00000001163e6000 	/Library/Java/JavaVirtualMachines/jdk-11.0.2.jdk/Contents/Home/lib/libnio.dylib
0x00000001163f4000 	/Library/Java/JavaVirtualMachines/jdk-11.0.2.jdk/Contents/Home/lib/./libnet.dylib
0x0000000116490000 	/Library/Java/JavaVirtualMachines/jdk-11.0.2.jdk/Contents/Home/lib/libawt.dylib
0x000000011652a000 	/Library/Java/JavaVirtualMachines/jdk-11.0.2.jdk/Contents/Home/lib/./libmlib_image.dylib
0x00007fff57a07000 	/System/Library/Frameworks/JavaVM.framework/Versions/A/Frameworks/JavaNativeFoundation.framework/Versions/A/JavaNativeFoundation
0x00007fff57a10000 	/System/Library/Frameworks/JavaVM.framework/Versions/A/Frameworks/JavaRuntimeSupport.framework/Versions/A/JavaRuntimeSupport
0x00007fff57a19000 	/System/Library/Frameworks/JavaVM.framework/Versions/A/JavaVM
0x00007fff6e4e5000 	/System/Library/PrivateFrameworks/JavaLaunching.framework/Versions/A/JavaLaunching
0x00007fff52f85000 	/System/Library/Frameworks/Carbon.framework/Versions/A/Carbon
0x00007fff52f86000 	/System/Library/Frameworks/Carbon.framework/Versions/A/Frameworks/CommonPanels.framework/Versions/A/CommonPanels
0x00007fff53290000 	/System/Library/Frameworks/Carbon.framework/Versions/A/Frameworks/Help.framework/Versions/A/Help
0x00007fff53294000 	/System/Library/Frameworks/Carbon.framework/Versions/A/Frameworks/ImageCapture.framework/Versions/A/ImageCapture
0x00007fff53330000 	/System/Library/Frameworks/Carbon.framework/Versions/A/Frameworks/OpenScripting.framework/Versions/A/OpenScripting
0x00007fff5336b000 	/System/Library/Frameworks/Carbon.framework/Versions/A/Frameworks/Print.framework/Versions/A/Print
0x00007fff5336d000 	/System/Library/Frameworks/Carbon.framework/Versions/A/Frameworks/SecurityHI.framework/Versions/A/SecurityHI
0x0000000116590000 	/Library/Java/JavaVirtualMachines/jdk-11.0.2.jdk/Contents/Home/lib/libawt_lwawt.dylib
0x000000011663d000 	/Library/Java/JavaVirtualMachines/jdk-11.0.2.jdk/Contents/Home/lib/./libosxapp.dylib
0x00007fff55d85000 	/System/Library/Frameworks/ExceptionHandling.framework/Versions/A/ExceptionHandling
0x00000001278bb000 	/Library/Java/JavaVirtualMachines/jdk-11.0.2.jdk/Contents/Home/lib/libfontmanager.dylib
0x000000012794b000 	/Library/Java/JavaVirtualMachines/jdk-11.0.2.jdk/Contents/Home/lib/./libfreetype.dylib
0x00007fff6775b000 	/System/Library/PrivateFrameworks/CoreServicesInternal.framework/Versions/A/CoreServicesInternal
0x00007fff4c200000 	/System/Library/CoreServices/RawCamera.bundle/Contents/MacOS/RawCamera
0x00007fff6f4aa000 	/System/Library/PrivateFrameworks/MobileAsset.framework/Versions/A/MobileAsset
0x00007fff768d6000 	/System/Library/PrivateFrameworks/StreamingZip.framework/Versions/A/StreamingZip
0x00007fff57dad000 	/System/Library/Frameworks/MediaToolbox.framework/Versions/A/MediaToolbox
0x00007fff66a55000 	/System/Library/PrivateFrameworks/CoreAVCHD.framework/Versions/A/CoreAVCHD
0x00007fff57cf6000 	/System/Library/Frameworks/MediaAccessibility.framework/Versions/A/MediaAccessibility
0x00007fff6ef25000 	/System/Library/PrivateFrameworks/Mangrove.framework/Versions/A/Mangrove
0x00007fff54c7d000 	/System/Library/Frameworks/CoreMedia.framework/Versions/A/CoreMedia
0x00007fff6046c000 	/System/Library/Frameworks/VideoToolbox.framework/Versions/A/VideoToolbox
0x00007fff6664c000 	/System/Library/PrivateFrameworks/CoreAUC.framework/Versions/A/CoreAUC
0x00007fff7b4f8000 	/usr/lib/libspindump.dylib
0x00007fff64168000 	/System/Library/PrivateFrameworks/AppleVA.framework/Versions/A/AppleVA
0x00007fff501c3000 	/System/Library/Frameworks/Accelerate.framework/Versions/A/Frameworks/vImage.framework/Versions/A/Libraries/libCGInterfaces.dylib
0x00007fff523ea000 	/System/Library/Frameworks/ApplicationServices.framework/Versions/A/Frameworks/ATS.framework/Versions/A/Resources/libTrueTypeScaler.dylib
0x00007fff4d885000 	/System/Library/Extensions/AppleIntelBDWGraphicsMTLDriver.bundle/Contents/MacOS/AppleIntelBDWGraphicsMTLDriver
0x00007fff6b13a000 	/System/Library/PrivateFrameworks/GPUCompiler.framework/Versions/3802/Libraries/libmetal_timestamp.dylib
0x00007fff5e1e3000 	/System/Library/Frameworks/OpenGL.framework/Versions/A/Resources/GLEngine.bundle/GLEngine
0x00007fff5d6af000 	/System/Library/Frameworks/OpenGL.framework/Versions/A/Libraries/libGLProgrammability.dylib
0x000000012bc2f000 	/System/Library/Extensions/AppleIntelBDWGraphicsGLDriver.bundle/Contents/MacOS/AppleIntelBDWGraphicsGLDriver
0x00007fff6c79a000 	/System/Library/PrivateFrameworks/GPUSupport.framework/Versions/A/Libraries/libGPUSupportMercury.dylib
0x00007fff5e37b000 	/System/Library/Frameworks/OpenGL.framework/Versions/A/Resources/GLRendererFloat.bundle/GLRendererFloat
0x00007fff5c444000 	/System/Library/Frameworks/OpenCL.framework/Versions/A/Libraries/libcldcpuengine.dylib
0x00007fff7a051000 	/usr/lib/libcrypto.35.dylib
0x00007fff77944000 	/System/Library/PrivateFrameworks/TrustEvaluationAgent.framework/Versions/A/TrustEvaluationAgent
0x0000000129720000 	/Library/Java/JavaVirtualMachines/jdk-11.0.2.jdk/Contents/Home/lib/libosxui.dylib
0x00007fff787cf000 	/System/Library/PrivateFrameworks/ViewBridge.framework/Versions/A/ViewBridge
0x00007fff74c2f000 	/System/Library/PrivateFrameworks/Shortcut.framework/Versions/A/Shortcut
0x00007fff6d628000 	/System/Library/PrivateFrameworks/HelpData.framework/Versions/A/HelpData
0x00007fff79279000 	/System/Library/PrivateFrameworks/login.framework/Versions/A/login


VM Arguments:
java_command: GranularWaves
java_class_path (initial): .
Launcher Type: SUN_STANDARD

[Global flags]
     intx CICompilerCount                          = 3                                         {product} {ergonomic}
     uint ConcGCThreads                            = 1                                         {product} {ergonomic}
     uint G1ConcRefinementThreads                  = 4                                         {product} {ergonomic}
   size_t G1HeapRegionSize                         = 1048576                                   {product} {ergonomic}
    uintx GCDrainStackTargetSize                   = 64                                        {product} {ergonomic}
   size_t InitialHeapSize                          = 134217728                                 {product} {ergonomic}
   size_t MarkStackSize                            = 4194304                                   {product} {ergonomic}
   size_t MaxHeapSize                              = 2147483648                                {product} {ergonomic}
   size_t MaxNewSize                               = 1287651328                                {product} {ergonomic}
   size_t MinHeapDeltaBytes                        = 1048576                                   {product} {ergonomic}
    uintx NonNMethodCodeHeapSize                   = 5830092                                {pd product} {ergonomic}
    uintx NonProfiledCodeHeapSize                  = 122914074                              {pd product} {ergonomic}
    uintx ProfiledCodeHeapSize                     = 122914074                              {pd product} {ergonomic}
    uintx ReservedCodeCacheSize                    = 251658240                              {pd product} {ergonomic}
     bool SegmentedCodeCache                       = true                                      {product} {ergonomic}
     bool UseCompressedClassPointers               = true                                 {lp64_product} {ergonomic}
     bool UseCompressedOops                        = true                                 {lp64_product} {ergonomic}
     bool UseG1GC                                  = true                                      {product} {ergonomic}

Logging:
Log output configuration:
 #0: stdout all=warning uptime,level,tags
 #1: stderr all=off uptime,level,tags

Environment Variables:
PATH=/Library/Frameworks/Python.framework/Versions/3.7/bin:/Users/ryan/.nvm/versions/node/v11.10.1/bin:/Users/ryan/.rvm/gems/ruby-2.6.1/bin:/Users/ryan/.rvm/gems/ruby-2.6.1@global/bin:/Users/ryan/.rvm/rubies/ruby-2.6.1/bin:/Applications/Postgres.app/Contents/Versions/latest/bin:/usr/local:/usr/local/bin:/usr/local/sbin:/usr/bin:/usr/local/bin:/usr/bin:/bin:/usr/sbin:/sbin:/Library/TeX/texbin:/Applications/Postgres.app/Contents/Versions/latest/bin:/Users/ryan/.rvm/bin
SHELL=/bin/bash

Signal Handlers:
SIGSEGV: [libjvm.dylib+0x740190], sa_mask[0]=11111111011111110111111111111111, sa_flags=SA_ONSTACK|SA_RESTART|SA_SIGINFO
SIGBUS: [libjvm.dylib+0x740190], sa_mask[0]=11111111011111110111111111111111, sa_flags=SA_RESTART|SA_SIGINFO
SIGFPE: [libjvm.dylib+0x740190], sa_mask[0]=11111111011111110111111111111111, sa_flags=SA_RESTART|SA_SIGINFO
SIGPIPE: [libjvm.dylib+0x5f2e42], sa_mask[0]=11111111011111110111111111111111, sa_flags=SA_RESTART|SA_SIGINFO
SIGXFSZ: [libjvm.dylib+0x5f2e42], sa_mask[0]=11111111011111110111111111111111, sa_flags=SA_RESTART|SA_SIGINFO
SIGILL: [libjvm.dylib+0x740190], sa_mask[0]=11111111011111110111111111111111, sa_flags=SA_RESTART|SA_SIGINFO
SIGUSR2: [libjvm.dylib+0x5f3427], sa_mask[0]=00000000000000000000000000000000, sa_flags=SA_RESTART|SA_SIGINFO
SIGHUP: [libjvm.dylib+0x5f1e83], sa_mask[0]=11111111011111110111111111111111, sa_flags=SA_RESTART|SA_SIGINFO
SIGINT: [libjvm.dylib+0x5f1e83], sa_mask[0]=11111111011111110111111111111111, sa_flags=SA_RESTART|SA_SIGINFO
SIGTERM: [libjvm.dylib+0x5f1e83], sa_mask[0]=11111111011111110111111111111111, sa_flags=SA_RESTART|SA_SIGINFO
SIGQUIT: [libjvm.dylib+0x5f1e83], sa_mask[0]=11111111011111110111111111111111, sa_flags=SA_RESTART|SA_SIGINFO


---------------  S Y S T E M  ---------------

OS:uname:Darwin 17.7.0 Darwin Kernel Version 17.7.0: Thu Dec 20 21:47:19 PST 2018; root:xnu-4570.71.22~1/RELEASE_X86_64 x86_64
rlimit: STACK 8192k, CORE 0k, NPROC 709, NOFILE 10240, AS infinity, DATA infinity, FSIZE infinity
load average:10.33 5.26 4.23

CPU:total 4 (initial active 4) (2 cores per cpu, 2 threads per core) family 6 model 61 stepping 4, cmov, cx8, fxsr, mmx, sse, sse2, sse3, ssse3, sse4.1, sse4.2, popcnt, avx, avx2, aes, clmul, erms, 3dnowpref, lzcnt, ht, tsc, tscinvbit, bmi1, bmi2, adx, fma

Memory: 4k page, physical 8388608k(24604k free)

vm_info: Java HotSpot(TM) 64-Bit Server VM (11.0.2+9-LTS) for bsd-amd64 JRE (11.0.2+9-LTS), built on Jan 18 2019 08:16:46 by "mach5one" with gcc 4.2.1 Compatible Apple LLVM 9.1.0 (clang-902.0.39.2)

END.
